[1127/222909.619:ERROR:prune_crash_reports.cc(34)] PruneCrashReportDatabase: Failed to get pending reports
[1127/223445.174:ERROR:prune_crash_reports.cc(34)] PruneCrashReportDatabase: Failed to get pending reports
[0825/231118.577:ERROR:process_reader_win.cc(151)] SuspendThread: Access is denied. (0x5)
[0825/231118.587:ERROR:process_reader_win.cc(151)] SuspendThread: Access is denied. (0x5)
[0825/231118.600:ERROR:process_reader_win.cc(151)] SuspendThread: Access is denied. (0x5)
[0825/231118.601:ERROR:process_reader_win.cc(123)] NtOpenThread: {Access Denied} A process has requested access to an object, but has not been granted those access rights. (0xc0000022)
[0825/231118.602:ERROR:exception_snapshot_win.cc(98)] thread ID 14848 not found in process
[0825/231118.702:ERROR:process_reader_win.cc(151)] SuspendThread: Access is denied. (0x5)
[0825/231118.702:ERROR:process_reader_win.cc(151)] SuspendThread: Access is denied. (0x5)
[0825/231118.705:ERROR:process_reader_win.cc(151)] SuspendThread: Access is denied. (0x5)
[0825/231118.705:ERROR:process_reader_win.cc(151)] SuspendThread: Access is denied. (0x5)
[0825/231118.705:ERROR:process_reader_win.cc(151)] SuspendThread: Access is denied. (0x5)
[0825/231118.705:ERROR:process_reader_win.cc(151)] SuspendThread: Access is denied. (0x5)
[0825/231118.705:ERROR:process_reader_win.cc(123)] NtOpenThread: {Access Denied} A process has requested access to an object, but has not been granted those access rights. (0xc0000022)
[0825/231118.705:ERROR:exception_snapshot_win.cc(98)] thread ID 14836 not found in process
[0825/231118.711:ERROR:process_reader_win.cc(151)] SuspendThread: Access is denied. (0x5)
[0825/231118.711:ERROR:process_reader_win.cc(151)] SuspendThread: Access is denied. (0x5)
[0825/231118.711:ERROR:process_reader_win.cc(123)] NtOpenThread: {Access Denied} A process has requested access to an object, but has not been granted those access rights. (0xc0000022)
[0825/231118.712:ERROR:exception_snapshot_win.cc(98)] thread ID 16076 not found in process
[0825/231118.743:ERROR:process_reader_win.cc(151)] SuspendThread: Access is denied. (0x5)
[0825/231118.743:ERROR:process_reader_win.cc(123)] NtOpenThread: {Access Denied} A process has requested access to an object, but has not been granted those access rights. (0xc0000022)
[0825/231118.743:ERROR:exception_snapshot_win.cc(98)] thread ID 15856 not found in process
[0825/231118.588:ERROR:process_reader_win.cc(123)] NtOpenThread: {Access Denied} A process has requested access to an object, but has not been granted those access rights. (0xc0000022)
[0825/231118.745:ERROR:exception_snapshot_win.cc(98)] thread ID 15852 not found in process
[0825/231119.617:ERROR:process_reader_win.cc(151)] SuspendThread: Access is denied. (0x5)
[0825/231119.617:ERROR:process_reader_win.cc(151)] SuspendThread: Access is denied. (0x5)
[0825/231119.617:ERROR:process_reader_win.cc(151)] SuspendThread: Access is denied. (0x5)
[0825/231119.617:ERROR:process_reader_win.cc(151)] SuspendThread: Access is denied. (0x5)
[0825/231119.618:ERROR:process_reader_win.cc(151)] SuspendThread: Access is denied. (0x5)
[0825/231119.618:ERROR:process_reader_win.cc(151)] SuspendThread: Access is denied. (0x5)
[0825/231119.618:ERROR:process_reader_win.cc(151)] SuspendThread: Access is denied. (0x5)
[0825/231119.618:ERROR:process_reader_win.cc(151)] SuspendThread: Access is denied. (0x5)
[0825/231119.618:ERROR:process_reader_win.cc(151)] SuspendThread: Access is denied. (0x5)
[0825/231119.618:ERROR:process_reader_win.cc(151)] SuspendThread: Access is denied. (0x5)
[0825/231119.618:ERROR:process_reader_win.cc(151)] SuspendThread: Access is denied. (0x5)
[0825/231119.618:ERROR:process_reader_win.cc(123)] NtOpenThread: {Access Denied} A process has requested access to an object, but has not been granted those access rights. (0xc0000022)
[0825/231119.619:ERROR:exception_snapshot_win.cc(98)] thread ID 13416 not found in process
[1028/102026.824:ERROR:directory_reader_win.cc(43)] FindFirstFile: The system cannot find the path specified. (0x3)
[1028/103626.389:ERROR:directory_reader_win.cc(43)] FindFirstFile: The system cannot find the path specified. (0x3)
